<?xml version="1.0" encoding="UTF-8"?>
<!-- Generated by org.testng.reporters.JUnitReportReporter -->
<testsuite hostname="DESKTOP-BGBGNTI" failures="0" tests="3" name="com.entrata.automation.entrata.base.EntrataTest" time="98.325" errors="0" timestamp="2024-02-16T20:46:10 IST" skipped="0">
  <testcase classname="com.entrata.automation.entrata.base.EntrataTest" name="propertyManagerLogin" time="40.407"/>
  <testcase classname="com.entrata.automation.entrata.base.EntrataTest" name="mouseHover" time="28.412"/>
  <testcase classname="com.entrata.automation.entrata.base.EntrataTest" name="navigationToOtherTab" time="29.506"/>
</testsuite> <!-- com.entrata.automation.entrata.base.EntrataTest -->
